Arguments: 
  /Users/jihadwaspada/.nvm/versions/node/v10.16.0/bin/node /usr/local/Cellar/yarn/1.19.1/libexec/bin/yarn.js add @funkia/hareactive purescript-turbine

PATH: 
  /usr/local/opt/mysql@5.7/bin:/Users/jihadwaspada/google-cloud-sdk/bin:/Users/jihadwaspada/.rbenv/shims:/Users/jihadwaspada/.nvm/versions/node/v10.16.0/bin:/Users/jihadwaspada/bin:/usr/local/bin://Users/jihadwaspada/.local/bin://Users/jihadwaspada/.rbenv/shims:/Users/jihadwaspada/gems/bin:/usr/local/bin:/usr/bin:/bin:/usr/sbin:/sbin

Yarn version: 
  1.19.1

Node version: 
  10.16.0

Platform: 
  darwin x64

Trace: 
  Error: https://npm.staging.nxdev.nl/purescript-turbine: no such package available
      at Request.params.callback [as _callback] (/usr/local/Cellar/yarn/1.19.1/libexec/lib/cli.js:66926:18)
      at Request.self.callback (/usr/local/Cellar/yarn/1.19.1/libexec/lib/cli.js:140564:22)
      at Request.emit (events.js:198:13)
      at Request.<anonymous> (/usr/local/Cellar/yarn/1.19.1/libexec/lib/cli.js:141536:10)
      at Request.emit (events.js:198:13)
      at IncomingMessage.<anonymous> (/usr/local/Cellar/yarn/1.19.1/libexec/lib/cli.js:141458:12)
      at Object.onceWrapper (events.js:286:20)
      at IncomingMessage.emit (events.js:203:15)
      at endReadableNT (_stream_readable.js:1129:12)
      at process._tickCallback (internal/process/next_tick.js:63:19)

npm manifest: 
  No manifest

yarn manifest: 
  No manifest

Lockfile: 
  No lockfile
